<?xml version="1.0" encoding="UTF-8"?>
<!-- Generated by org.testng.reporters.JUnitXMLReporter -->
<testsuite ignored="0" hostname="DESKTOP-JRR75V4" failures="1" tests="1" name="Test2" time="15.831" errors="0" timestamp="2024-10-10T02:55:16 IST">
  <testcase classname="io.cucumber.testng.AbstractTestNGCucumberTests" name="runScenario" time="14.262">
    <failure type="java.lang.AssertionError" message="expected [false] but found [true]">
      <![CDATA[java.lang.AssertionError: expected [false] but found [true]
at stepDefinitions.LoginPageStepDefinitions.UserNavigateToUrl(LoginPageStepDefinitions.java:34)
at âœ½.User navigates to amazonurl(file:///D:/Nived-GitProjects/SeleniumCucumberFramework/AmazonUI/src/test/java/features/TestLoginFeature.feature:20)
... Removed 6 stack frames]]>
    </failure>
  </testcase> <!-- runScenario -->
</testsuite> <!-- Test2 -->
