<?xml version="1.0" encoding="UTF-8"?>
<!-- Generated by org.testng.reporters.JUnitReportReporter -->
<testsuite hostname="DESKTOP-JRR75V4" failures="1" tests="1" name="runner.TestNGRunner" time="14.262" errors="0" timestamp="2024-10-10T02:55:16 IST" skipped="0">
  <testcase classname="runner.TestNGRunner" name="runScenario" time="14.262">
    <failure message="expected [false] but found [true]" type="java.lang.AssertionError">
      <![CDATA[java.lang.AssertionError: expected [false] but found [true]
at org.testng.Assert.fail(Assert.java:99)
at org.testng.Assert.failNotEquals(Assert.java:1037)
at org.testng.Assert.assertEqualsImpl(Assert.java:140)
at org.testng.Assert.assertEquals(Assert.java:122)
at org.testng.Assert.assertEquals(Assert.java:819)
at org.testng.Assert.assertEquals(Assert.java:829)
at stepDefinitions.LoginPageStepDefinitions.UserNavigateToUrl(LoginPageStepDefinitions.java:34)
at âœ½.User navigates to amazonurl(file:///D:/Nived-GitProjects/SeleniumCucumberFramework/AmazonUI/src/test/java/features/TestLoginFeature.feature:20)
]]>
    </failure>
  </testcase> <!-- runScenario -->
  <system-out/>
</testsuite> <!-- runner.TestNGRunner -->
