<?xml version="1.0" encoding="UTF-8"?>
<testng-results ignored="0" total="1" passed="0" failed="1" skipped="0">
  <reporter-output>
  </reporter-output>
  <suite started-at="2024-10-10T02:55:00 IST" name="Test Suite" finished-at="2024-10-10T02:55:16 IST" duration-ms="15831">
    <groups>
      <group name="cucumber">
        <method signature="AbstractTestNGCucumberTests.runScenario(io.cucumber.testng.PickleWrapper,io.cucumber.testng.FeatureWrapper)[pri:0, instance:runner.TestNGRunner@5d0bf09b]" name="runScenario" class="io.cucumber.testng.AbstractTestNGCucumberTests"/>
      </group> <!-- cucumber -->
    </groups>
    <test started-at="2024-10-10T02:55:00 IST" name="Test2" finished-at="2024-10-10T02:55:16 IST" duration-ms="15831">
      <class name="runner.TestNGRunner">
        <test-method is-config="true" signature="setUpClass(org.testng.ITestContext)[pri:0, instance:runner.TestNGRunner@5d0bf09b]" started-at="2024-10-10T02:55:00 IST" name="setUpClass" finished-at="2024-10-10T02:55:01 IST" duration-ms="1054" status="PASS">
          <params>
            <param index="0">
              <value>
                <![CDATA[org.testng.TestRunner@56afdf9a]]>
              </value>
            </param>
          </params>
          <reporter-output>
          </reporter-output>
        </test-method> <!-- setUpClass -->
        <test-method signature="runScenario(io.cucumber.testng.PickleWrapper,io.cucumber.testng.FeatureWrapper)[pri:0, instance:runner.TestNGRunner@5d0bf09b]" started-at="2024-10-10T02:55:01 IST" name="runScenario" description="Runs Cucumber Scenarios" data-provider="scenarios" finished-at="2024-10-10T02:55:15 IST" duration-ms="14262" status="FAIL">
          <params>
            <param index="0">
              <value>
                <![CDATA["Validate Searched Item"]]>
              </value>
            </param>
            <param index="1">
              <value>
                <![CDATA["Amazon Login Page"]]>
              </value>
            </param>
          </params>
          <exception class="java.lang.AssertionError">
            <message>
              <![CDATA[expected [false] but found [true]]]>
            </message>
            <full-stacktrace>
              <![CDATA[java.lang.AssertionError: expected [false] but found [true]
at org.testng.Assert.fail(Assert.java:99)
at org.testng.Assert.failNotEquals(Assert.java:1037)
at org.testng.Assert.assertEqualsImpl(Assert.java:140)
at org.testng.Assert.assertEquals(Assert.java:122)
at org.testng.Assert.assertEquals(Assert.java:819)
at org.testng.Assert.assertEquals(Assert.java:829)
at stepDefinitions.LoginPageStepDefinitions.UserNavigateToUrl(LoginPageStepDefinitions.java:34)
at âœ½.User navigates to amazonurl(file:///D:/Nived-GitProjects/SeleniumCucumberFramework/AmazonUI/src/test/java/features/TestLoginFeature.feature:20)
]]>
            </full-stacktrace>
          </exception> <!-- java.lang.AssertionError -->
          <reporter-output>
          </reporter-output>
        </test-method> <!-- runScenario -->
        <test-method is-config="true" signature="tearDownClass()[pri:0, instance:runner.TestNGRunner@5d0bf09b]" started-at="2024-10-10T02:55:16 IST" name="tearDownClass" finished-at="2024-10-10T02:55:16 IST" duration-ms="42" status="PASS">
          <reporter-output>
          </reporter-output>
        </test-method> <!-- tearDownClass -->
      </class> <!-- runner.TestNGRunner -->
    </test> <!-- Test2 -->
  </suite> <!-- Test Suite -->
</testng-results>
